00111000010000000000000000000001
00111000100000000000000000000010
00111000110000000000000000000011
00111001000000000000000000000100
00111001010000000000000000000101
00111001100000000000000000000110
00111001110000000000000000000111
00111010000000000000000000001000
00001000010000100000000000000001
00111000100000000000000000000010
00111000100000000000000000000010
00111000100000000000000000000010
00111000100000000000000000000010
00111000100000000000000000000010
00000000010000100001000000000000
00111000100000000000000000000010
00111000100000000000000000000010
00111000100000000000000000000010
00111000100000000000000000000010
00111000100000000000000000000010
00010000010000100100000000000000
00111000100000000000000000000010
00111000100000000000000000000010
00111000100000000000000000000010
00111000100000000000000000000010
00111000100000000000000000000010
01001000010000100010000000000000
00111000100000000000000000000010
00111000100000000000000000000010
00111000100000000000000000000010
00111000100000000000000000000010
00111000100000000000000000000010
00101000010010000000000000000001
00111000100000000000000000000010
00111000100000000000000000000010
00111000100000000000000000000010
00111000100000000000000000000010
00111000100000000000000000000010
00111000010000000000000000000101
00111000100000000000000000000010
00111000100000000000000000000010
00111000100000000000000000000010
00111000100000000000000000000010
00111000100000000000000000000010
00100000010010000000000000000001
00111000100000000000000000000010
00111000100000000000000000000010
00111000100000000000000000000010
00111000100000000000000000000010
00111000100000000000000000000010
00001000010000100000000000000111
00111000100000000000000000000010
00111000100000000000000000000010
00111000100000000000000000000010
00111000100000000000000000000010
00111000100000000000000000000010
11111000000000000000000000000000
